\BOOKMARK [1][-]{section.1}{\376\377\000I\000n\000t\000r\000o\000d\000u\000c\000c\000i\000\363\000n}{}% 1
\BOOKMARK [1][-]{section.2}{\376\377\000M\000a\000r\000c\000o\000\040\000T\000e\000\363\000r\000i\000c\000o}{}% 2
\BOOKMARK [2][-]{subsection.2.1}{\376\377\000A\000r\000q\000u\000i\000t\000e\000c\000t\000u\000r\000a\000\040\000R\000I\000S\000C\000-\000V}{section.2}% 3
\BOOKMARK [2][-]{subsection.2.2}{\376\377\000P\000r\000o\000c\000e\000s\000a\000d\000o\000r\000\040\000U\000n\000i\000c\000i\000c\000l\000o}{section.2}% 4
\BOOKMARK [2][-]{subsection.2.3}{\376\377\000R\000e\000f\000e\000r\000e\000n\000c\000i\000a\000s\000\040\000c\000l\000a\000v\000e}{section.2}% 5
\BOOKMARK [1][-]{section.3}{\376\377\000A\000r\000q\000u\000i\000t\000e\000c\000t\000u\000r\000a\000\040\000d\000e\000l\000\040\000S\000i\000s\000t\000e\000m\000a}{}% 6
\BOOKMARK [2][-]{subsection.3.1}{\376\377\000C\000a\000m\000i\000n\000o\000\040\000d\000e\000\040\000D\000a\000t\000o\000s\000\040\000G\000e\000n\000e\000r\000a\000l\000\040\000y\000\040\000M\000o\000d\000u\000l\000o\000\040\000D\000a\000t\000a\000p\000a\000t\000h}{section.3}% 7
\BOOKMARK [2][-]{subsection.3.2}{\376\377\000U\000n\000i\000d\000a\000d\000\040\000d\000e\000\040\000C\000o\000n\000t\000r\000o\000l\000\040\000\050\000c\000o\000n\000t\000r\000o\000l\000\137\000u\000n\000i\000t\000.\000s\000v\000\051}{section.3}% 8
\BOOKMARK [1][-]{section.4}{\376\377\000D\000e\000s\000c\000r\000i\000p\000c\000i\000\363\000n\000\040\000d\000e\000\040\000M\000\363\000d\000u\000l\000o\000s}{}% 9
\BOOKMARK [2][-]{subsection.4.1}{\376\377\000C\000o\000n\000t\000a\000d\000o\000r\000\040\000d\000e\000\040\000P\000r\000o\000g\000r\000a\000m\000a\000\040\000\050\000P\000C\000.\000s\000v\000\051}{section.4}% 10
\BOOKMARK [3][-]{subsubsection.4.1.1}{\376\377\000E\000n\000t\000r\000a\000d\000a\000s}{subsection.4.1}% 11
\BOOKMARK [3][-]{subsubsection.4.1.2}{\376\377\000S\000a\000l\000i\000d\000a\000s}{subsection.4.1}% 12
\BOOKMARK [3][-]{subsubsection.4.1.3}{\376\377\000F\000u\000n\000c\000i\000o\000n\000a\000m\000i\000e\000n\000t\000o}{subsection.4.1}% 13
\BOOKMARK [2][-]{subsection.4.2}{\376\377\000M\000e\000m\000o\000r\000i\000a\000\040\000d\000e\000\040\000I\000n\000s\000t\000r\000u\000c\000c\000i\000o\000n\000e\000s\000\040\000\050\000I\000n\000s\000t\000m\000e\000m\000o\000r\000y\000.\000s\000v\000\051}{section.4}% 14
\BOOKMARK [3][-]{subsubsection.4.2.1}{\376\377\000E\000n\000t\000r\000a\000d\000a\000s}{subsection.4.2}% 15
\BOOKMARK [3][-]{subsubsection.4.2.2}{\376\377\000S\000a\000l\000i\000d\000a\000s}{subsection.4.2}% 16
\BOOKMARK [3][-]{subsubsection.4.2.3}{\376\377\000F\000u\000n\000c\000i\000o\000n\000a\000m\000i\000e\000n\000t\000o}{subsection.4.2}% 17
\BOOKMARK [2][-]{subsection.4.3}{\376\377\000B\000a\000n\000c\000o\000\040\000d\000e\000\040\000R\000e\000g\000i\000s\000t\000r\000o\000s\000\040\000\050\000r\000e\000g\000i\000s\000t\000e\000r\000f\000i\000l\000e\000.\000s\000v\000\051}{section.4}% 18
\BOOKMARK [3][-]{subsubsection.4.3.1}{\376\377\000E\000n\000t\000r\000a\000d\000a\000s}{subsection.4.3}% 19
\BOOKMARK [3][-]{subsubsection.4.3.2}{\376\377\000S\000a\000l\000i\000d\000a\000s}{subsection.4.3}% 20
\BOOKMARK [3][-]{subsubsection.4.3.3}{\376\377\000F\000u\000n\000c\000i\000o\000n\000a\000m\000i\000e\000n\000t\000o}{subsection.4.3}% 21
\BOOKMARK [2][-]{subsection.4.4}{\376\377\000U\000n\000i\000d\000a\000d\000\040\000d\000e\000\040\000E\000x\000t\000e\000n\000s\000i\000\363\000n\000\040\000d\000e\000\040\000S\000i\000g\000n\000o\000\040\000\050\000s\000i\000g\000n\000e\000x\000t\000.\000s\000v\000\051}{section.4}% 22
\BOOKMARK [3][-]{subsubsection.4.4.1}{\376\377\000E\000n\000t\000r\000a\000d\000a\000s}{subsection.4.4}% 23
\BOOKMARK [3][-]{subsubsection.4.4.2}{\376\377\000S\000a\000l\000i\000d\000a\000s}{subsection.4.4}% 24
\BOOKMARK [3][-]{subsubsection.4.4.3}{\376\377\000F\000u\000n\000c\000i\000o\000n\000a\000m\000i\000e\000n\000t\000o}{subsection.4.4}% 25
\BOOKMARK [2][-]{subsection.4.5}{\376\377\000U\000n\000i\000d\000a\000d\000\040\000d\000e\000\040\000C\000o\000n\000t\000r\000o\000l\000\040\000d\000e\000\040\000l\000a\000\040\000A\000L\000U\000\040\000\050\000a\000l\000u\000\137\000c\000o\000n\000t\000r\000o\000l\000.\000s\000v\000\051}{section.4}% 26
\BOOKMARK [2][-]{subsection.4.6}{\376\377\000U\000n\000i\000d\000a\000d\000\040\000A\000r\000i\000t\000m\000\351\000t\000i\000c\000o\000-\000L\000\363\000g\000i\000c\000a\000\040\000\050\000R\000I\000S\000C\000V\000A\000L\000U\000.\000s\000v\000\051}{section.4}% 27
\BOOKMARK [3][-]{subsubsection.4.6.1}{\376\377\000E\000n\000t\000r\000a\000d\000a\000s}{subsection.4.6}% 28
\BOOKMARK [3][-]{subsubsection.4.6.2}{\376\377\000S\000a\000l\000i\000d\000a\000s}{subsection.4.6}% 29
\BOOKMARK [3][-]{subsubsection.4.6.3}{\376\377\000F\000u\000n\000c\000i\000o\000n\000a\000m\000i\000e\000n\000t\000o}{subsection.4.6}% 30
\BOOKMARK [2][-]{subsection.4.7}{\376\377\000M\000e\000m\000o\000r\000i\000a\000\040\000d\000e\000\040\000D\000a\000t\000o\000s\000\040\000\050\000d\000a\000t\000a\000m\000e\000m\000.\000s\000v\000\051}{section.4}% 31
\BOOKMARK [3][-]{subsubsection.4.7.1}{\376\377\000E\000n\000t\000r\000a\000d\000a\000s}{subsection.4.7}% 32
\BOOKMARK [3][-]{subsubsection.4.7.2}{\376\377\000S\000a\000l\000i\000d\000a\000s}{subsection.4.7}% 33
\BOOKMARK [3][-]{subsubsection.4.7.3}{\376\377\000F\000u\000n\000c\000i\000o\000n\000a\000m\000i\000e\000n\000t\000o}{subsection.4.7}% 34
\BOOKMARK [2][-]{subsection.4.8}{\376\377\000M\000\363\000d\000u\000l\000o\000\040\000P\000r\000i\000n\000c\000i\000p\000a\000l\000\040\000\050\000R\000I\000S\000C\000V\000u\000n\000i\000c\000y\000c\000l\000e\000.\000s\000v\000\051}{section.4}% 35
\BOOKMARK [3][-]{subsubsection.4.8.1}{\376\377\000F\000u\000n\000c\000i\000o\000n\000a\000m\000i\000e\000n\000t\000o}{subsection.4.8}% 36
\BOOKMARK [1][-]{section.5}{\376\377\000C\000a\000m\000b\000i\000o\000s\000\040\000r\000e\000s\000p\000e\000c\000t\000o\000\040\000a\000\040\000l\000a\000\040\000v\000e\000r\000s\000i\000\363\000n\000\040\000a\000n\000t\000e\000r\000i\000o\000r}{}% 37
\BOOKMARK [1][-]{section.6}{\376\377\000C\000o\000n\000j\000u\000n\000t\000o\000\040\000d\000e\000\040\000I\000n\000s\000t\000r\000u\000c\000c\000i\000o\000n\000e\000s\000\040\000I\000m\000p\000l\000e\000m\000e\000n\000t\000a\000d\000o}{}% 38
\BOOKMARK [1][-]{section.7}{\376\377\000R\000e\000s\000u\000l\000t\000a\000d\000o\000s}{}% 39
\BOOKMARK [1][-]{section.8}{\376\377\000C\000o\000n\000c\000l\000u\000s\000i\000\363\000n}{}% 40
\BOOKMARK [1][-]{section*.1}{\376\377\000A\000p\000\351\000n\000d\000i\000c\000e}{}% 41
